mode: set
catchat.com/models/threads/threads.go:30.80,32.33 2 1
catchat.com/models/threads/threads.go:35.2,42.10 2 1
catchat.com/models/threads/threads.go:32.33,34.3 1 1
catchat.com/models/threads/threads.go:45.40,47.2 1 1
catchat.com/models/threads/threads.go:49.58,51.2 1 1
catchat.com/models/threads/threads.go:53.53,55.37 2 1
catchat.com/models/threads/threads.go:60.2,60.20 1 1
catchat.com/models/threads/threads.go:55.37,56.22 1 1
catchat.com/models/threads/threads.go:56.22,58.4 1 1
catchat.com/models/threads/threads.go:63.75,65.37 2 1
catchat.com/models/threads/threads.go:70.2,70.20 1 1
catchat.com/models/threads/threads.go:65.37,66.29 1 1
catchat.com/models/threads/threads.go:66.29,68.4 1 1
catchat.com/models/threads/threads.go:73.59,77.2 3 1
catchat.com/models/threads/threads.go:79.70,81.2 1 1
catchat.com/models/threads/threads.go:83.66,85.2 1 1
catchat.com/models/threads/threads.go:87.69,88.34 1 1
catchat.com/models/threads/threads.go:91.2,91.33 1 1
catchat.com/models/threads/threads.go:88.34,90.3 1 0
catchat.com/models/threads/threads.go:91.33,94.3 1 1
catchat.com/models/threads/threads.go:97.61,98.34 1 1
catchat.com/models/threads/threads.go:101.2,101.47 1 1
catchat.com/models/threads/threads.go:98.34,100.3 1 0
catchat.com/models/threads/threads.go:104.68,106.25 2 1
catchat.com/models/threads/threads.go:111.2,111.14 1 1
catchat.com/models/threads/threads.go:106.25,107.63 1 1
catchat.com/models/threads/threads.go:107.63,109.4 1 1
catchat.com/dtos/dto.go:68.60,70.19 2 1
catchat.com/dtos/dto.go:74.2,74.44 1 1
catchat.com/dtos/dto.go:70.19,73.3 2 1
catchat.com/dtos/dto.go:77.52,83.2 1 1
catchat.com/dtos/dto.go:85.48,88.32 3 1
catchat.com/dtos/dto.go:92.2,96.3 1 1
catchat.com/dtos/dto.go:88.32,91.3 2 1
catchat.com/dtos/dto.go:99.62,103.29 2 1
catchat.com/dtos/dto.go:124.2,124.17 1 1
catchat.com/dtos/dto.go:103.29,107.36 2 1
catchat.com/dtos/dto.go:111.3,112.29 2 1
catchat.com/dtos/dto.go:115.3,122.4 1 1
catchat.com/dtos/dto.go:107.36,109.4 1 1
catchat.com/dtos/dto.go:112.29,114.4 1 0
catchat.com/dtos/dto.go:127.66,132.2 1 1
catchat.com/server/router.go:23.56,24.30 1 1
catchat.com/server/router.go:24.30,30.36 5 1
catchat.com/server/router.go:34.3,36.11 2 1
catchat.com/server/router.go:30.36,33.4 2 0
catchat.com/server/router.go:40.81,53.27 11 1
catchat.com/server/router.go:56.2,56.15 1 1
catchat.com/server/router.go:53.27,55.3 1 0
catchat.com/server/router.go:59.63,62.2 2 0
catchat.com/server/router.go:64.47,69.2 4 1
catchat.com/server/router.go:71.57,73.20 2 1
catchat.com/server/router.go:78.2,82.48 4 1
catchat.com/server/router.go:73.20,77.3 3 0
catchat.com/server/router.go:85.46,88.16 3 1
catchat.com/server/router.go:91.2,97.4 4 1
catchat.com/server/router.go:88.16,90.3 1 0
catchat.com/server/router.go:100.50,102.18 2 1
catchat.com/server/router.go:107.2,108.17 2 1
catchat.com/server/router.go:113.2,114.35 2 1
catchat.com/server/router.go:102.18,106.3 3 1
catchat.com/server/router.go:108.17,112.3 3 1
catchat.com/server/router.go:118.53,121.16 3 1
catchat.com/server/router.go:124.2,126.22 3 1
catchat.com/server/router.go:121.16,123.3 1 0
catchat.com/server/router.go:129.44,132.16 3 1
catchat.com/server/router.go:135.2,137.22 3 1
catchat.com/server/router.go:132.16,134.3 1 0
catchat.com/server/router.go:140.51,143.16 3 1
catchat.com/server/router.go:146.2,149.26 4 1
catchat.com/server/router.go:143.16,145.3 1 0
catchat.com/server/router.go:153.42,155.6 2 0
catchat.com/server/router.go:155.6,157.17 2 0
catchat.com/server/router.go:161.3,163.17 3 0
catchat.com/server/router.go:167.3,169.43 2 0
catchat.com/server/router.go:172.3,172.50 1 0
catchat.com/server/router.go:157.17,159.12 2 0
catchat.com/server/router.go:163.17,165.4 1 0
catchat.com/server/router.go:169.43,171.4 1 0
catchat.com/server/server.go:8.13,18.2 8 0
catchat.com/server/socket.go:18.62,22.2 3 1
catchat.com/server/socket.go:24.31,27.16 3 1
catchat.com/server/socket.go:30.2,37.44 6 1
catchat.com/server/socket.go:27.16,29.3 1 0
catchat.com/server/socket.go:40.62,45.2 4 1
catchat.com/server/socket.go:47.71,51.2 3 1
catchat.com/server/socket.go:53.66,56.16 3 1
catchat.com/server/socket.go:59.2,61.73 3 1
catchat.com/server/socket.go:56.16,58.3 1 0
catchat.com/server/socket.go:64.61,69.2 4 1
catchat.com/server/socket.go:71.63,73.2 1 0
catchat.com/server/socket.go:75.74,77.2 1 0
